Logging to experiments/all_methods_smoke/run_logs_20251106_050037/run.log

=== Running method=mgda, seed=0, out_dir=experiments/all_methods_smoke/mgda_seed0 ===
[ERROR] Method 'mgda' (seed 0) failed: broken PNG file (bad header checksum in b'IDAT')
Traceback (most recent call last):
  File "/home/ubuntu/SON-GOKU-Taskonomy-Lambda-Cloud/taskonomy_eval/runner.py", line 584, in main
    train_and_eval_once(cfg)
  File "/home/ubuntu/SON-GOKU-Taskonomy-Lambda-Cloud/taskonomy_eval/runner.py", line 229, in train_and_eval_once
    train_ds = TaskonomyDataset(train_cfg)
  File "/home/ubuntu/SON-GOKU-Taskonomy-Lambda-Cloud/taskonomy_eval/datasets/taskonomy.py", line 140, in __init__
    if not _is_valid_image(rgb_path):
  File "/home/ubuntu/SON-GOKU-Taskonomy-Lambda-Cloud/taskonomy_eval/datasets/taskonomy.py", line 32, in _is_valid_image
    img.verify()
  File "/usr/lib/python3/dist-packages/PIL/PngImagePlugin.py", line 765, in verify
    self.png.verify()
  File "/usr/lib/python3/dist-packages/PIL/PngImagePlugin.py", line 231, in verify
    self.crc(cid, ImageFile._safe_read(self.fp, length))
  File "/usr/lib/python3/dist-packages/PIL/PngImagePlugin.py", line 203, in crc
    raise SyntaxError(
SyntaxError: broken PNG file (bad header checksum in b'IDAT')
[WARN] Skipping remaining seeds for method 'mgda' due to failure.

=== Running method=pcgrad, seed=0, out_dir=experiments/all_methods_smoke/pcgrad_seed0 ===
[ERROR] Method 'pcgrad' (seed 0) failed: broken PNG file (bad header checksum in b'IDAT')
Traceback (most recent call last):
  File "/home/ubuntu/SON-GOKU-Taskonomy-Lambda-Cloud/taskonomy_eval/runner.py", line 584, in main
    train_and_eval_once(cfg)
  File "/home/ubuntu/SON-GOKU-Taskonomy-Lambda-Cloud/taskonomy_eval/runner.py", line 229, in train_and_eval_once
    train_ds = TaskonomyDataset(train_cfg)
  File "/home/ubuntu/SON-GOKU-Taskonomy-Lambda-Cloud/taskonomy_eval/datasets/taskonomy.py", line 140, in __init__
    if not _is_valid_image(rgb_path):
  File "/home/ubuntu/SON-GOKU-Taskonomy-Lambda-Cloud/taskonomy_eval/datasets/taskonomy.py", line 32, in _is_valid_image
    img.verify()
  File "/usr/lib/python3/dist-packages/PIL/PngImagePlugin.py", line 765, in verify
    self.png.verify()
  File "/usr/lib/python3/dist-packages/PIL/PngImagePlugin.py", line 231, in verify
    self.crc(cid, ImageFile._safe_read(self.fp, length))
  File "/usr/lib/python3/dist-packages/PIL/PngImagePlugin.py", line 203, in crc
    raise SyntaxError(
SyntaxError: broken PNG file (bad header checksum in b'IDAT')
[WARN] Skipping remaining seeds for method 'pcgrad' due to failure.

=== Running method=cagrad, seed=0, out_dir=experiments/all_methods_smoke/cagrad_seed0 ===
[ERROR] Method 'cagrad' (seed 0) failed: broken PNG file (bad header checksum in b'IDAT')
Traceback (most recent call last):
  File "/home/ubuntu/SON-GOKU-Taskonomy-Lambda-Cloud/taskonomy_eval/runner.py", line 584, in main
    train_and_eval_once(cfg)
  File "/home/ubuntu/SON-GOKU-Taskonomy-Lambda-Cloud/taskonomy_eval/runner.py", line 229, in train_and_eval_once
    train_ds = TaskonomyDataset(train_cfg)
  File "/home/ubuntu/SON-GOKU-Taskonomy-Lambda-Cloud/taskonomy_eval/datasets/taskonomy.py", line 140, in __init__
    if not _is_valid_image(rgb_path):
  File "/home/ubuntu/SON-GOKU-Taskonomy-Lambda-Cloud/taskonomy_eval/datasets/taskonomy.py", line 32, in _is_valid_image
    img.verify()
  File "/usr/lib/python3/dist-packages/PIL/PngImagePlugin.py", line 765, in verify
    self.png.verify()
  File "/usr/lib/python3/dist-packages/PIL/PngImagePlugin.py", line 231, in verify
    self.crc(cid, ImageFile._safe_read(self.fp, length))
  File "/usr/lib/python3/dist-packages/PIL/PngImagePlugin.py", line 203, in crc
    raise SyntaxError(
SyntaxError: broken PNG file (bad header checksum in b'IDAT')
[WARN] Skipping remaining seeds for method 'cagrad' due to failure.

=== Running method=adatask, seed=0, out_dir=experiments/all_methods_smoke/adatask_seed0 ===
[ERROR] Method 'adatask' (seed 0) failed: broken PNG file (bad header checksum in b'IDAT')
Traceback (most recent call last):
  File "/home/ubuntu/SON-GOKU-Taskonomy-Lambda-Cloud/taskonomy_eval/runner.py", line 584, in main
    train_and_eval_once(cfg)
  File "/home/ubuntu/SON-GOKU-Taskonomy-Lambda-Cloud/taskonomy_eval/runner.py", line 229, in train_and_eval_once
    train_ds = TaskonomyDataset(train_cfg)
  File "/home/ubuntu/SON-GOKU-Taskonomy-Lambda-Cloud/taskonomy_eval/datasets/taskonomy.py", line 140, in __init__
    if not _is_valid_image(rgb_path):
  File "/home/ubuntu/SON-GOKU-Taskonomy-Lambda-Cloud/taskonomy_eval/datasets/taskonomy.py", line 32, in _is_valid_image
    img.verify()
  File "/usr/lib/python3/dist-packages/PIL/PngImagePlugin.py", line 765, in verify
    self.png.verify()
  File "/usr/lib/python3/dist-packages/PIL/PngImagePlugin.py", line 231, in verify
    self.crc(cid, ImageFile._safe_read(self.fp, length))
  File "/usr/lib/python3/dist-packages/PIL/PngImagePlugin.py", line 203, in crc
    raise SyntaxError(
SyntaxError: broken PNG file (bad header checksum in b'IDAT')
[WARN] Skipping remaining seeds for method 'adatask' due to failure.

=== Running method=sel_update, seed=0, out_dir=experiments/all_methods_smoke/sel_update_seed0 ===
[ERROR] Method 'sel_update' (seed 0) failed: broken PNG file (bad header checksum in b'IDAT')
Traceback (most recent call last):
  File "/home/ubuntu/SON-GOKU-Taskonomy-Lambda-Cloud/taskonomy_eval/runner.py", line 584, in main
    train_and_eval_once(cfg)
  File "/home/ubuntu/SON-GOKU-Taskonomy-Lambda-Cloud/taskonomy_eval/runner.py", line 229, in train_and_eval_once
    train_ds = TaskonomyDataset(train_cfg)
  File "/home/ubuntu/SON-GOKU-Taskonomy-Lambda-Cloud/taskonomy_eval/datasets/taskonomy.py", line 140, in __init__
    if not _is_valid_image(rgb_path):
  File "/home/ubuntu/SON-GOKU-Taskonomy-Lambda-Cloud/taskonomy_eval/datasets/taskonomy.py", line 32, in _is_valid_image
    img.verify()
  File "/usr/lib/python3/dist-packages/PIL/PngImagePlugin.py", line 765, in verify
    self.png.verify()
  File "/usr/lib/python3/dist-packages/PIL/PngImagePlugin.py", line 231, in verify
    self.crc(cid, ImageFile._safe_read(self.fp, length))
  File "/usr/lib/python3/dist-packages/PIL/PngImagePlugin.py", line 203, in crc
    raise SyntaxError(
SyntaxError: broken PNG file (bad header checksum in b'IDAT')
[WARN] Skipping remaining seeds for method 'sel_update' due to failure.

=== Running method=nashmtl, seed=0, out_dir=experiments/all_methods_smoke/nashmtl_seed0 ===
[ERROR] Method 'nashmtl' (seed 0) failed: broken PNG file (bad header checksum in b'IDAT')
Traceback (most recent call last):
  File "/home/ubuntu/SON-GOKU-Taskonomy-Lambda-Cloud/taskonomy_eval/runner.py", line 584, in main
    train_and_eval_once(cfg)
  File "/home/ubuntu/SON-GOKU-Taskonomy-Lambda-Cloud/taskonomy_eval/runner.py", line 229, in train_and_eval_once
    train_ds = TaskonomyDataset(train_cfg)
  File "/home/ubuntu/SON-GOKU-Taskonomy-Lambda-Cloud/taskonomy_eval/datasets/taskonomy.py", line 140, in __init__
    if not _is_valid_image(rgb_path):
  File "/home/ubuntu/SON-GOKU-Taskonomy-Lambda-Cloud/taskonomy_eval/datasets/taskonomy.py", line 32, in _is_valid_image
    img.verify()
  File "/usr/lib/python3/dist-packages/PIL/PngImagePlugin.py", line 765, in verify
    self.png.verify()
  File "/usr/lib/python3/dist-packages/PIL/PngImagePlugin.py", line 231, in verify
    self.crc(cid, ImageFile._safe_read(self.fp, length))
  File "/usr/lib/python3/dist-packages/PIL/PngImagePlugin.py", line 203, in crc
    raise SyntaxError(
SyntaxError: broken PNG file (bad header checksum in b'IDAT')
[WARN] Skipping remaining seeds for method 'nashmtl' due to failure.

=== Running method=fairgrad, seed=0, out_dir=experiments/all_methods_smoke/fairgrad_seed0 ===
[ERROR] Method 'fairgrad' (seed 0) failed: broken PNG file (bad header checksum in b'IDAT')
Traceback (most recent call last):
  File "/home/ubuntu/SON-GOKU-Taskonomy-Lambda-Cloud/taskonomy_eval/runner.py", line 584, in main
    train_and_eval_once(cfg)
  File "/home/ubuntu/SON-GOKU-Taskonomy-Lambda-Cloud/taskonomy_eval/runner.py", line 229, in train_and_eval_once
    train_ds = TaskonomyDataset(train_cfg)
  File "/home/ubuntu/SON-GOKU-Taskonomy-Lambda-Cloud/taskonomy_eval/datasets/taskonomy.py", line 140, in __init__
    if not _is_valid_image(rgb_path):
  File "/home/ubuntu/SON-GOKU-Taskonomy-Lambda-Cloud/taskonomy_eval/datasets/taskonomy.py", line 32, in _is_valid_image
    img.verify()
  File "/usr/lib/python3/dist-packages/PIL/PngImagePlugin.py", line 765, in verify
    self.png.verify()
  File "/usr/lib/python3/dist-packages/PIL/PngImagePlugin.py", line 231, in verify
    self.crc(cid, ImageFile._safe_read(self.fp, length))
  File "/usr/lib/python3/dist-packages/PIL/PngImagePlugin.py", line 203, in crc
    raise SyntaxError(
SyntaxError: broken PNG file (bad header checksum in b'IDAT')
[WARN] Skipping remaining seeds for method 'fairgrad' due to failure.

=== Running method=famo, seed=0, out_dir=experiments/all_methods_smoke/famo_seed0 ===
[ERROR] Method 'famo' (seed 0) failed: broken PNG file (bad header checksum in b'IDAT')
Traceback (most recent call last):
  File "/home/ubuntu/SON-GOKU-Taskonomy-Lambda-Cloud/taskonomy_eval/runner.py", line 584, in main
    train_and_eval_once(cfg)
  File "/home/ubuntu/SON-GOKU-Taskonomy-Lambda-Cloud/taskonomy_eval/runner.py", line 229, in train_and_eval_once
    train_ds = TaskonomyDataset(train_cfg)
  File "/home/ubuntu/SON-GOKU-Taskonomy-Lambda-Cloud/taskonomy_eval/datasets/taskonomy.py", line 140, in __init__
    if not _is_valid_image(rgb_path):
  File "/home/ubuntu/SON-GOKU-Taskonomy-Lambda-Cloud/taskonomy_eval/datasets/taskonomy.py", line 32, in _is_valid_image
    img.verify()
  File "/usr/lib/python3/dist-packages/PIL/PngImagePlugin.py", line 765, in verify
    self.png.verify()
  File "/usr/lib/python3/dist-packages/PIL/PngImagePlugin.py", line 231, in verify
    self.crc(cid, ImageFile._safe_read(self.fp, length))
  File "/usr/lib/python3/dist-packages/PIL/PngImagePlugin.py", line 203, in crc
    raise SyntaxError(
SyntaxError: broken PNG file (bad header checksum in b'IDAT')
[WARN] Skipping remaining seeds for method 'famo' due to failure.
[91mFailed methods: mgda-seed0, pcgrad-seed0, cagrad-seed0, adatask-seed0, sel_update-seed0, nashmtl-seed0, fairgrad-seed0, famo-seed0[0m
